The system is: Windows - 10.0.22621 - AMD64
Compiling the C compiler identification source file "CMakeCCompilerId.c" succeeded.
Compiler: C:/Program Files/JetBrains/CLion 2022.2.4/bin/mingw/bin/gcc.exe 
Build flags: 
Id flags:  

The output was:
0


Compilation of the C compiler identification source "CMakeCCompilerId.c" produced "a.exe"

The C compiler identification is GNU, found in "C:/Users/lukas/CLionProjects/Lab11_ZPO_lista/cmake-build-debug/CMakeFiles/3.23.2/CompilerIdC/a.exe"

Compiling the CXX compiler identification source file "CMakeCXXCompilerId.cpp" succeeded.
Compiler: C:/Program Files/JetBrains/CLion 2022.2.4/bin/mingw/bin/g++.exe 
Build flags: 
Id flags:  

The output was:
0


Compilation of the CXX compiler identification source "CMakeCXXCompilerId.cpp" produced "a.exe"

The CXX compiler identification is GNU, found in "C:/Users/lukas/CLionProjects/Lab11_ZPO_lista/cmake-build-debug/CMakeFiles/3.23.2/CompilerIdCXX/a.exe"

Determining if the C compiler works passed with the following output:
Change Dir: C:/Users/lukas/CLionProjects/Lab11_ZPO_lista/cmake-build-debug/CMakeFiles/CMakeTmp

Run Build Command(s):C:/Program Files/JetBrains/CLion 2022.2.4/bin/ninja/win/ninja.exe cmTC_614df && [1/2] Building C object CMakeFiles/cmTC_614df.dir/testCCompiler.c.obj
[2/2] Linking C executable cmTC_614df.exe



Determining if the CXX compiler works passed with the following output:
Change Dir: C:/Users/lukas/CLionProjects/Lab11_ZPO_lista/cmake-build-debug/CMakeFiles/CMakeTmp

Run Build Command(s):C:/Program Files/JetBrains/CLion 2022.2.4/bin/ninja/win/ninja.exe cmTC_1a6de && [1/2] Building CXX object CMakeFiles/cmTC_1a6de.dir/testCXXCompiler.cxx.obj
[2/2] Linking CXX executable cmTC_1a6de.exe



